Training...
Validating...
Epoch: 1, Training Loss: 4.4356, Validation Loss: 4.3070
Training...
Validating...
Epoch: 2, Training Loss: 4.3113, Validation Loss: 4.2771
Training...
Validating...
Epoch: 3, Training Loss: 4.2901, Validation Loss: 4.2748
Training...
Validating...
Epoch: 4, Training Loss: 4.2874, Validation Loss: 4.2742
Training...
Validating...
Epoch: 5, Training Loss: 4.2872, Validation Loss: 4.2742
Training...
Validating...
Epoch: 6, Training Loss: 4.2872, Validation Loss: 4.2744
Training...
Validating...
Epoch: 7, Training Loss: 4.2872, Validation Loss: 4.2743
Training...
Validating...
Epoch: 8, Training Loss: 4.2871, Validation Loss: 4.2744
Training...
Validating...
Epoch: 9, Training Loss: 4.2870, Validation Loss: 4.2744
Training...
Validating...
Epoch: 10, Training Loss: 4.2870, Validation Loss: 4.2744
Training...
Validating...
Epoch: 11, Training Loss: 4.2870, Validation Loss: 4.2744
Training...
Validating...
Epoch: 12, Training Loss: 4.2870, Validation Loss: 4.2744
Training...
Validating...
Epoch: 13, Training Loss: 4.2870, Validation Loss: 4.2744
Training...
Validating...
Epoch: 14, Training Loss: 4.2870, Validation Loss: 4.2744
Training...
Validating...
Epoch: 15, Training Loss: 4.2870, Validation Loss: 4.2744
Training...
Validating...
Epoch: 16, Training Loss: 4.2870, Validation Loss: 4.2744
Training...
Validating...
Epoch: 17, Training Loss: 4.2870, Validation Loss: 4.2744
Training...
Validating...
Epoch: 18, Training Loss: 4.2870, Validation Loss: 4.2744
Training...
Validating...
Epoch: 19, Training Loss: 4.2870, Validation Loss: 4.2744
Training...
Validating...
Epoch: 20, Training Loss: 4.2870, Validation Loss: 4.2744
Training...
Validating...
Epoch: 21, Training Loss: 4.2870, Validation Loss: 4.2744
Training...
Validating...
Epoch: 22, Training Loss: 4.2870, Validation Loss: 4.2744
Training...
Validating...
Epoch: 23, Training Loss: 4.2870, Validation Loss: 4.2744
Training...
Validating...
Epoch: 24, Training Loss: 4.2870, Validation Loss: 4.2744
Training...
Validating...
Epoch: 25, Training Loss: 4.2870, Validation Loss: 4.2744
Training...
Validating...
Epoch: 26, Training Loss: 4.2870, Validation Loss: 4.2744
Training...
Validating...
Epoch: 27, Training Loss: 4.2870, Validation Loss: 4.2744
Training...
Validating...
Epoch: 28, Training Loss: 4.2870, Validation Loss: 4.2744
Training...
Validating...
Epoch: 29, Training Loss: 4.2870, Validation Loss: 4.2744
Training...
Validating...
Epoch: 30, Training Loss: 4.2870, Validation Loss: 4.2744
Training...
Validating...
Epoch: 31, Training Loss: 4.2870, Validation Loss: 4.2744
Training...
Validating...
Epoch: 32, Training Loss: 4.2870, Validation Loss: 4.2744
Training...
Validating...
Epoch: 33, Training Loss: 4.2870, Validation Loss: 4.2744
Training...
Validating...
Epoch: 34, Training Loss: 4.2870, Validation Loss: 4.2744
Training...
Validating...
Epoch: 35, Training Loss: 4.2870, Validation Loss: 4.2744
Training...
Validating...
Epoch: 36, Training Loss: 4.2870, Validation Loss: 4.2744
Training...
Validating...
Epoch: 37, Training Loss: 4.2870, Validation Loss: 4.2744
Training...
Validating...
Epoch: 38, Training Loss: 4.2870, Validation Loss: 4.2744
Training...
Validating...
Epoch: 39, Training Loss: 4.2870, Validation Loss: 4.2744
Training...
Validating...
Epoch: 40, Training Loss: 4.2870, Validation Loss: 4.2744
Training...
Validating...
Epoch: 41, Training Loss: 4.2870, Validation Loss: 4.2744
Training...
Validating...
Epoch: 42, Training Loss: 4.2870, Validation Loss: 4.2744
Training...
Validating...
Epoch: 43, Training Loss: 4.2870, Validation Loss: 4.2744
Training...
Validating...
Epoch: 44, Training Loss: 4.2870, Validation Loss: 4.2744
Training...
Validating...
Epoch: 45, Training Loss: 4.2870, Validation Loss: 4.2744
Training...
Validating...
Epoch: 46, Training Loss: 4.2870, Validation Loss: 4.2744
Training...
Validating...
Epoch: 47, Training Loss: 4.2870, Validation Loss: 4.2744
Training...
Validating...
Epoch: 48, Training Loss: 4.2870, Validation Loss: 4.2744
Training...
Validating...
Epoch: 49, Training Loss: 4.2870, Validation Loss: 4.2744
Training...
Validating...
Epoch: 50, Training Loss: 4.2870, Validation Loss: 4.2744
Plotting loss and acc curve
Loaded backend agg version v2.2.
