 next(iter(train_loader)) = {'name': ['schenkerian_clusters/WTC_II_G_min/WTC_II_G_min_trans_f'], 'data': HeteroDataBatch(
  y=[1],
  note={
    x=[19, 112],
    batch=[19],
    ptr=[2],
  },
  (note, forward, note)={ edge_index=[2, 15] },
  (note, rest, note)={ edge_index=[2, 3] }
), 'cluster': [tensor([[[1.0000, 0.0000, 0.0000, 0.0000, 0.0000, 0.0000, 0.0000, 0.0000,
          0.0000, 0.0000, 0.0000],
         [0.0000, 1.0000, 0.0000, 0.0000, 0.0000, 0.0000, 0.0000, 0.0000,
          0.0000, 0.0000, 0.0000],
         [0.0000, 0.0000, 1.0000, 0.0000, 0.0000, 0.0000, 0.0000, 0.0000,
          0.0000, 0.0000, 0.0000],
         [0.0000, 0.0000, 0.5000, 0.5000, 0.0000, 0.0000, 0.0000, 0.0000,
          0.0000, 0.0000, 0.0000],
         [0.0000, 0.0000, 0.0000, 1.0000, 0.0000, 0.0000, 0.0000, 0.0000,
          0.0000, 0.0000, 0.0000],
         [0.0000, 0.0000, 0.0000, 0.0000, 1.0000, 0.0000, 0.0000, 0.0000,
          0.0000, 0.0000, 0.0000],
         [0.0000, 0.0000, 0.0000, 0.0000, 0.5000, 0.5000, 0.0000, 0.0000,
          0.0000, 0.0000, 0.0000],
         [0.0000, 0.0000, 0.0000, 0.0000, 0.0000, 1.0000, 0.0000, 0.0000,
          0.0000, 0.0000, 0.0000],
         [0.0000, 0.0000, 0.0000, 0.0000, 0.0000, 0.0000, 1.0000, 0.0000,
          0.0000, 0.0000, 0.0000],
         [0.0000, 0.0000, 0.0000, 0.0000, 0.0000, 0.0000, 1.0000, 0.0000,
          0.0000, 0.0000, 0.0000],
         [0.0000, 0.0000, 0.0000, 0.0000, 0.0000, 0.0000, 1.0000, 0.0000,
          0.0000, 0.0000, 0.0000],
         [0.0000, 0.0000, 0.0000, 0.0000, 0.0000, 0.0000, 1.0000, 0.0000,
          0.0000, 0.0000, 0.0000],
         [0.0000, 0.0000, 0.0000, 0.0000, 0.0000, 0.0000, 1.0000, 0.0000,
          0.0000, 0.0000, 0.0000],
         [0.0000, 0.0000, 0.0000, 0.0000, 0.0000, 0.0000, 1.0000, 0.0000,
          0.0000, 0.0000, 0.0000],
         [0.0000, 0.0000, 0.0000, 0.0000, 0.0000, 0.0000, 1.0000, 0.0000,
          0.0000, 0.0000, 0.0000],
         [0.0000, 0.0000, 0.0000, 0.0000, 0.0000, 0.0000, 0.0000, 1.0000,
          0.0000, 0.0000, 0.0000],
         [0.0000, 0.0000, 0.0000, 0.0000, 0.0000, 0.0000, 0.0000, 0.0000,
          1.0000, 0.0000, 0.0000],
         [0.0000, 0.0000, 0.0000, 0.0000, 0.0000, 0.0000, 0.0000, 0.0000,
          0.0000, 1.0000, 0.0000],
         [0.0000, 0.0000, 0.0000, 0.0000, 0.0000, 0.0000, 0.0000, 0.0000,
          0.0000, 0.0000, 1.0000]]]), tensor([[[1., 0., 0., 0., 0., 0., 0., 0., 0., 0.],
         [0., 1., 0., 0., 0., 0., 0., 0., 0., 0.],
         [0., 0., 1., 0., 0., 0., 0., 0., 0., 0.],
         [0., 0., 0., 1., 0., 0., 0., 0., 0., 0.],
         [0., 0., 0., 0., 1., 0., 0., 0., 0., 0.],
         [0., 0., 0., 0., 0., 1., 0., 0., 0., 0.],
         [0., 0., 0., 0., 0., 0., 1., 0., 0., 0.],
         [0., 0., 0., 0., 0., 0., 1., 0., 0., 0.],
         [0., 0., 0., 0., 0., 0., 0., 1., 0., 0.],
         [0., 0., 0., 0., 0., 0., 0., 0., 1., 0.],
         [0., 0., 0., 0., 0., 0., 0., 0., 0., 1.]]]), tensor([[[1., 0., 0., 0., 0., 0., 0., 0., 0.],
         [0., 1., 0., 0., 0., 0., 0., 0., 0.],
         [0., 0., 1., 0., 0., 0., 0., 0., 0.],
         [0., 0., 0., 1., 0., 0., 0., 0., 0.],
         [0., 0., 0., 0., 1., 0., 0., 0., 0.],
         [0., 0., 0., 0., 0., 1., 0., 0., 0.],
         [0., 0., 0., 0., 0., 0., 1., 0., 0.],
         [0., 0., 0., 0., 0., 0., 1., 0., 0.],
         [0., 0., 0., 0., 0., 0., 0., 1., 0.],
         [0., 0., 0., 0., 0., 0., 0., 0., 1.]]]), tensor([[[1., 0., 0., 0., 0., 0.],
         [0., 1., 0., 0., 0., 0.],
         [1., 0., 0., 0., 0., 0.],
         [0., 1., 0., 0., 0., 0.],
         [0., 0., 1., 0., 0., 0.],
         [0., 0., 0., 1., 0., 0.],
         [0., 0., 1., 0., 0., 0.],
         [0., 0., 0., 0., 1., 0.],
         [0., 0., 0., 0., 0., 1.]]]), tensor([[[1., 0., 0., 0.],
         [0., 1., 0., 0.],
         [1., 0., 0., 0.],
         [0., 1., 0., 0.],
         [0., 0., 1., 0.],
         [0., 0., 0., 1.]]])]}
