 next(iter(train_loader)) = {'name': ['schenkerian_clusters/Quinti_10/Quinti_10_trans_ab'], 'data': HeteroDataBatch(
  y=[1],
  note={
    x=[21, 112],
    batch=[21],
    ptr=[2],
  },
  (note, forward, note)={ edge_index=[2, 20] }
), 'cluster': [tensor([[[1., 0., 0., 0., 0., 0., 0., 0., 0., 0., 0., 0., 0.],
         [1., 0., 0., 0., 0., 0., 0., 0., 0., 0., 0., 0., 0.],
         [0., 1., 0., 0., 0., 0., 0., 0., 0., 0., 0., 0., 0.],
         [0., 1., 0., 0., 0., 0., 0., 0., 0., 0., 0., 0., 0.],
         [0., 0., 1., 0., 0., 0., 0., 0., 0., 0., 0., 0., 0.],
         [0., 0., 1., 0., 0., 0., 0., 0., 0., 0., 0., 0., 0.],
         [0., 0., 0., 1., 0., 0., 0., 0., 0., 0., 0., 0., 0.],
         [0., 0., 0., 1., 0., 0., 0., 0., 0., 0., 0., 0., 0.],
         [0., 0., 0., 0., 1., 0., 0., 0., 0., 0., 0., 0., 0.],
         [0., 0., 0., 0., 1., 0., 0., 0., 0., 0., 0., 0., 0.],
         [0., 0., 0., 0., 0., 1., 0., 0., 0., 0., 0., 0., 0.],
         [0., 0., 0., 0., 0., 0., 1., 0., 0., 0., 0., 0., 0.],
         [0., 0., 0., 0., 0., 0., 1., 0., 0., 0., 0., 0., 0.],
         [0., 0., 0., 0., 0., 0., 0., 1., 0., 0., 0., 0., 0.],
         [0., 0., 0., 0., 0., 0., 0., 0., 1., 0., 0., 0., 0.],
         [0., 0., 0., 0., 0., 0., 0., 0., 1., 0., 0., 0., 0.],
         [0., 0., 0., 0., 0., 0., 0., 0., 0., 1., 0., 0., 0.],
         [0., 0., 0., 0., 0., 0., 0., 0., 0., 0., 1., 0., 0.],
         [0., 0., 0., 0., 0., 0., 0., 0., 0., 0., 1., 0., 0.],
         [0., 0., 0., 0., 0., 0., 0., 0., 0., 0., 0., 1., 0.],
         [0., 0., 0., 0., 0., 0., 0., 0., 0., 0., 0., 0., 1.]]]), tensor([[[1., 0., 0., 0., 0., 0., 0., 0.],
         [1., 0., 0., 0., 0., 0., 0., 0.],
         [0., 1., 0., 0., 0., 0., 0., 0.],
         [0., 0., 1., 0., 0., 0., 0., 0.],
         [0., 0., 0., 1., 0., 0., 0., 0.],
         [0., 0., 0., 1., 0., 0., 0., 0.],
         [0., 0., 0., 0., 1., 0., 0., 0.],
         [0., 0., 0., 0., 1., 0., 0., 0.],
         [0., 0., 0., 0., 0., 1., 0., 0.],
         [0., 0., 0., 0., 0., 1., 0., 0.],
         [0., 0., 0., 0., 0., 0., 1., 0.],
         [0., 0., 0., 0., 0., 0., 1., 0.],
         [0., 0., 0., 0., 0., 0., 0., 1.]]]), tensor([[[1., 0., 0., 0., 0.],
         [1., 0., 0., 0., 0.],
         [0., 1., 0., 0., 0.],
         [0., 0., 1., 0., 0.],
         [0., 0., 1., 0., 0.],
         [0., 0., 0., 1., 0.],
         [0., 0., 0., 1., 0.],
         [0., 0., 0., 0., 1.]]]), tensor([[[1., 0., 0.],
         [1., 0., 0.],
         [0., 1., 0.],
         [0., 1., 0.],
         [0., 0., 1.]]]), tensor([[[1., 0.],
         [1., 0.],
         [0., 1.]]])]}
