Processing...
/home/users/wx83/miniconda3/envs/gnn/lib/python3.11/site-packages/music21/musicxml/xmlToM21.py:4848: MusicXMLWarning: Cannot put in an element with a missing voice tag when no previous voice tag was given.  Assuming voice 1... 
  warnings.warn('Cannot put in an element with a missing voice tag when '
Done!
Traceback (most recent call last):
  File "/home/users/wx83/GNN_baseline/GNN/train.py", line 271, in <module>
    train_loss = train_sck(model, loss_fn, train_loader, CLASS_WEIGHT)
                 ^^^^^^^^^^^^^^^^^^^^^^^^^^^^^^^^^^^^^^^^^^^^^^^^^^^^^
  File "/home/users/wx83/GNN_baseline/GNN/train.py", line 99, in train_sck
    final_emb, s1_pred, s2_pred = model(data.x_dict, data.edge_index_dict, data['note'].batch)
                                  ^^^^^^^^^^^^^^^^^^^^^^^^^^^^^^^^^^^^^^^^^^^^^^^^^^^^^^^^^^^^
  File "/home/users/wx83/miniconda3/envs/gnn/lib/python3.11/site-packages/torch/nn/modules/module.py", line 1518, in _wrapped_call_impl
    return self._call_impl(*args, **kwargs)
           ^^^^^^^^^^^^^^^^^^^^^^^^^^^^^^^^
  File "/home/users/wx83/miniconda3/envs/gnn/lib/python3.11/site-packages/torch/nn/modules/module.py", line 1527, in _call_impl
    return forward_call(*args, **kwargs)
           ^^^^^^^^^^^^^^^^^^^^^^^^^^^^^
  File "/home/users/wx83/GNN_baseline/GNN/Sckgroupmat.py", line 120, in forward
    x['note'] = self.embed(x['note'])
                ^^^^^^^^^^^^^^^^^^^^^
  File "/home/users/wx83/miniconda3/envs/gnn/lib/python3.11/site-packages/torch/nn/modules/module.py", line 1518, in _wrapped_call_impl
    return self._call_impl(*args, **kwargs)
           ^^^^^^^^^^^^^^^^^^^^^^^^^^^^^^^^
  File "/home/users/wx83/miniconda3/envs/gnn/lib/python3.11/site-packages/torch/nn/modules/module.py", line 1527, in _call_impl
    return forward_call(*args, **kwargs)
           ^^^^^^^^^^^^^^^^^^^^^^^^^^^^^
  File "/home/users/wx83/miniconda3/envs/gnn/lib/python3.11/site-packages/torch/nn/modules/linear.py", line 114, in forward
    return F.linear(input, self.weight, self.bias)
           ^^^^^^^^^^^^^^^^^^^^^^^^^^^^^^^^^^^^^^^
RuntimeError: mat1 and mat2 shapes cannot be multiplied (21x112 and 111x32)
