Start Training...
Training...
Validating...
Training loss: 4.3685
Validation loss: 3.7576
Validation Acc: 0.0538
Training...
Validating...
Training loss: 3.9341
Validation loss: 3.7317
Validation Acc: 0.0762
Training...
Validating...
Training loss: 3.4883
Validation loss: 3.7283
Validation Acc: 0.0538
Training...
Validating...
Training loss: 3.6624
Validation loss: 3.7120
Validation Acc: 0.0807
Training...
Validating...
Training loss: 3.5382
Validation loss: 3.7047
Validation Acc: 0.0583
Training...
Validating...
Training loss: 3.2151
Validation loss: 3.7170
Validation Acc: 0.0807
Training...
Validating...
Training loss: 3.4537
Validation loss: 3.7074
Validation Acc: 0.0583
Training...
Validating...
Training loss: 3.7708
Validation loss: 3.7232
Validation Acc: 0.0807
Training...
Validating...
Training loss: 3.3211
Validation loss: 3.7175
Validation Acc: 0.0717
Training...
Validating...
Training loss: 3.3911
Validation loss: 3.7442
Validation Acc: 0.0897
Training...
Validating...
Training loss: 4.0446
Validation loss: 3.7364
Validation Acc: 0.0807
Training...
Detected KeyboardInterrupt and stopped the training!
Plotting loss and acc curve
Loaded backend agg version v2.2.
